0 info it worked if it ends with ok
1 verbose cli [ 'C:\\Program Files\\nodejs\\node.exe',
1 verbose cli   'C:\\Program Files\\nodejs\\node_modules\\npm\\bin\\npm-cli.js',
1 verbose cli   'run',
1 verbose cli   'build' ]
2 info using npm@3.10.10
3 info using node@v6.11.0
4 verbose run-script [ 'prebuild', 'build', 'postbuild' ]
5 info lifecycle first-webapp-react@1.0.0~prebuild: first-webapp-react@1.0.0
6 silly lifecycle first-webapp-react@1.0.0~prebuild: no script for prebuild, continuing
7 info lifecycle first-webapp-react@1.0.0~build: first-webapp-react@1.0.0
8 verbose lifecycle first-webapp-react@1.0.0~build: unsafe-perm in lifecycle true
9 verbose lifecycle first-webapp-react@1.0.0~build: PATH: C:\Program Files\nodejs\node_modules\npm\bin\node-gyp-bin;I:\Web Projects\ABC\Projects\firstReactApp\node_modules\.bin;C:\Users\Paul\AppData\Roaming\npm;C:\Program Files\nodejs\;C:\ProgramData\Oracle\Java\javapath;C:\PROGRAM FILES (X86)\AMD APP\BIN\X86_64;C:\PROGRAM FILES (X86)\AMD APP\BIN\X86;C:\Windows\SYSTEM32;C:\Windows;C:\Windows\SYSTEM32\WBEM;C:\Windows\SYSTEM32\WINDOWSPOWERSHELL\V1.0\;C:\PROGRAM FILES (X86)\ATI TECHNOLOGIES\ATI.ACE\CORE-STATIC;C:\Program Files (x86)\Windows Kits\8.1\Windows Performance Toolkit\;C:\Program Files\Microsoft SQL Server\110\Tools\Binn\;C:\Program Files (x86)\Microsoft SDKs\TypeScript\1.0\;C:\Program Files\Microsoft SQL Server\120\Tools\Binn\;C:\Program Files\nodejs\;C:\Program Files (x86)\AMD\ATI.ACE\Core-Static;C:\Users\Paul\AppData\Roaming\npm
10 verbose lifecycle first-webapp-react@1.0.0~build: CWD: I:\Web Projects\ABC\Projects\firstReactApp
11 silly lifecycle first-webapp-react@1.0.0~build: Args: [ '/d /s /c',
11 silly lifecycle   'NODE_ENV=production browserify -t [ reactify --es6 ] main.js | uglifyjs > compiled.js' ]
12 silly lifecycle first-webapp-react@1.0.0~build: Returned: code: 255  signal: null
13 info lifecycle first-webapp-react@1.0.0~build: Failed to exec build script
14 verbose stack Error: first-webapp-react@1.0.0 build: `NODE_ENV=production browserify -t [ reactify --es6 ] main.js | uglifyjs > compiled.js`
14 verbose stack Exit status 255
14 verbose stack     at EventEmitter.<anonymous> (C:\Program Files\nodejs\node_modules\npm\lib\utils\lifecycle.js:255:16)
14 verbose stack     at emitTwo (events.js:106:13)
14 verbose stack     at EventEmitter.emit (events.js:191:7)
14 verbose stack     at ChildProcess.<anonymous> (C:\Program Files\nodejs\node_modules\npm\lib\utils\spawn.js:40:14)
14 verbose stack     at emitTwo (events.js:106:13)
14 verbose stack     at ChildProcess.emit (events.js:191:7)
14 verbose stack     at maybeClose (internal/child_process.js:891:16)
14 verbose stack     at Process.ChildProcess._handle.onexit (internal/child_process.js:226:5)
15 verbose pkgid first-webapp-react@1.0.0
16 verbose cwd I:\Web Projects\ABC\Projects\firstReactApp
17 error Windows_NT 6.1.7601
18 error argv "C:\\Program Files\\nodejs\\node.exe" "C:\\Program Files\\nodejs\\node_modules\\npm\\bin\\npm-cli.js" "run" "build"
19 error node v6.11.0
20 error npm  v3.10.10
21 error code ELIFECYCLE
22 error first-webapp-react@1.0.0 build: `NODE_ENV=production browserify -t [ reactify --es6 ] main.js | uglifyjs > compiled.js`
22 error Exit status 255
23 error Failed at the first-webapp-react@1.0.0 build script 'NODE_ENV=production browserify -t [ reactify --es6 ] main.js | uglifyjs > compiled.js'.
23 error Make sure you have the latest version of node.js and npm installed.
23 error If you do, this is most likely a problem with the first-webapp-react package,
23 error not with npm itself.
23 error Tell the author that this fails on your system:
23 error     NODE_ENV=production browserify -t [ reactify --es6 ] main.js | uglifyjs > compiled.js
23 error You can get information on how to open an issue for this project with:
23 error     npm bugs first-webapp-react
23 error Or if that isn't available, you can get their info via:
23 error     npm owner ls first-webapp-react
23 error There is likely additional logging output above.
24 verbose exit [ 1, true ]
